<?xml version="1.0" encoding="UTF-8"?>
<!-- Generated by org.testng.reporters.JUnitReportReporter -->
<testsuite hostname="C238" failures="0" tests="1" name="TestCases.TC_searching" time="9.809" errors="0" timestamp="2023-05-01T10:08:06 IST" skipped="0">
  <testcase classname="TestCases.TC_searching" name="TESTS" time="9.809"/>
  <system-out/>
</testsuite> <!-- TestCases.TC_searching -->
